


********************************************************************************


                                       EMA ANALYSIS
                                Computed by PeakfqSA 0.999
                                      Tim Cohn, USGS
                                      tacohn@usgs.gov
                                       703/648-5711 


********************************************************************************

                                 with PeakfqSA modifications by
                                      John England, USACE
                                      john.f.england@usace.army.mil
                                       303/963-4524 


********************************************************************************

                                  Run Date and Time
                                  Tue Apr 14 11:17:02 2020      

********************************************************************************


                                                                                     

                              Spec. file         kingsPks.spc                                                                    
                              Data file          kingsPks.spc                                                                    

                              Historical Period Begins         1927
                              Historical Period Ends           2019
                              Length of Historical Period        93
                              Total No. of Observations          93
                              Years Without Information           0
                              Number of Peaks                    82
                              Peaks Not Used                      0
                              Point or Finite Int. Peaks         81
                              Historic Peaks                      1
                              Years of Historic Record           93
                              Number of Uncensored Peaks         82
                              Number of Interval Peaks           11
                              Number Left Censored Peaks         11
                              Number Right Censored               0
                              Number Zero Flows                   0
                              Mean Option                   STATION    
                              Std. Dev. Option              STATION    
                              At-Site Skew Method              ADJE
                              Skew Option                   STATION    
                              Generalized Skew                -0.50
                              Standard Error                 0.5500
                              (Pseudo)-MSE Employed          0.1000E+11
                              Gage Base Discharge               0.0
                              Low-Outlier Type                 MGBT
                              Three-Sweep Low-Outlier Detection
                               Sweep 1: Alpha Out[N2]:     0.005000
                               Sweep 2: Alpha In[J1]:      0.000000
                               Sweep 3: Alpha In[1]:       0.100000
                               Max Frac LO:                0.000000
                              Low-Outlier Bound        Multiple G-B
                              MGB L-O Threshold                 0.0
                              Number of Low Outliers              0
                                P-value obs:  1 (Q= 0.1220E+04)  p=0.2109    


                   ANNUAL FREQUENCY CURVE PARAMETERS  -- LOG-PEARSON TYPE III


         Fitted Log10 Moments                    M         S         G
         -----------------------------------------------------------------
         EMA, At-Site Data, w/o Reg. Info     3.810426  0.266155 -0.152157
           EMA w/ Reg. Info & B17B MSE(G)     3.810426  0.266155 -0.152157
         EMA w/Reg. Info & Spec. MSE(G)       3.810426  0.266155 -0.152157

              Estimates & MSEs Corr. to Skew 
                Option                              STATION     
                EMA Est. of G_atsite               -0.152157
                B17B Est. of MSE[G_atsite]          0.064582
                EMA (ADJE) Est. of MSE[G_atsite]    0.069832
                Regional G (G_reg)                 -0.500000
                MSE[G_reg]                      0.100000E+11
                Weighted G                         -0.152157
                MSE[G_atsite_systematic]            0.073137
                ERL[G_atsite]                      84.833916


                                  EMA FREQUENCY ESTIMATES

--------------------------------------------------------------------------------
                                                        90.0% CI on EMA Est.
Ann. Exc. Prob.  EMA Est.   V[log(EMA)]  At-Site Est.   CI-Low      CI-High
-----------------------------------------------------------------------------
EMA-Q 0.9999000       540.74      0.03410       540.74       185.16       911.11
EMA-Q 0.9995000       737.60      0.02182       737.60       317.24      1124.84
EMA-Q 0.9990000       851.03      0.01746       851.03       402.80      1244.48
EMA-Q 0.9980000       988.78      0.01365       988.78       514.10      1387.68
EMA-Q 0.9950000      1221.47      0.00944      1221.47       716.79      1626.52
EMA-Q 0.9900000      1450.94      0.00687      1450.94       930.20      1860.46
EMA-Q 0.9800000      1747.20      0.00480      1747.20      1219.15      2162.63
EMA-Q 0.9750000      1861.51      0.00424      1861.51      1333.36      2279.64
EMA-Q 0.9600000      2142.07      0.00323      2142.07      1617.38      2568.44
EMA-Q 0.9500000      2298.44      0.00282      2298.44      1776.82      2730.55
EMA-Q 0.9000000      2919.39      0.00185      2919.39      2406.69      3382.97
EMA-Q 0.8000000      3878.09      0.00129      3878.09      3343.61      4415.49
EMA-Q 0.7000000      4741.28      0.00111      4741.28      4152.24      5365.90
EMA-Q 0.6667000      5027.84      0.00108      5027.84      4416.12      5684.49
EMA-Q 0.6000000      5615.46      0.00104      5615.46      4952.95      6340.93
EMA-Q 0.5704000      5885.72      0.00102      5885.72      5198.44      6643.82
EMA-Q 0.5000000      6564.07      0.00100      6564.07      5811.84      7405.71
EMA-Q 0.4292000      7317.96      0.00099      7317.96      6489.93      8254.41
EMA-Q 0.4000000      7657.63      0.00098      7657.63      6794.33      8637.57
EMA-Q 0.3000000      9010.28      0.00099      9010.28      7999.27     10173.33
EMA-Q 0.2000000     10868.47      0.00104     10868.47      9632.19     12342.07
EMA-Q 0.1000000     14024.54      0.00130     14024.54     12329.12     16351.17
EMA-Q 0.0500000     17234.64      0.00183     17234.64     14926.57     20981.19
EMA-Q 0.0400000     18287.46      0.00207     18287.46     15736.14     22618.82
EMA-Q 0.0250000     20542.14      0.00267     20542.14     17393.08     26312.29
EMA-Q 0.0200000     21631.59      0.00301     21631.59     18156.46     28186.47
EMA-Q 0.0100000     25100.13      0.00429     25100.13     20435.41     34544.20
EMA-Q 0.0050000     28704.37      0.00591     28704.37     22585.17     41800.83
EMA-Q 0.0020000     33689.77      0.00859     33689.77     25252.48     52995.17
EMA-Q 0.0010000     37634.77      0.01104     37634.77     27153.36     62865.42
EMA-Q 0.0005000     41733.39      0.01384     41733.39     28963.90     74128.49
EMA-Q 0.0001000     51860.29      0.02171     51860.29     32859.88    106763.12
EMA-Q 0.0000500     56490.41      0.02568     56490.41     34418.81    124173.97
EMA-Q 0.0000200     62855.27      0.03147     62855.27     36377.84    150919.49
EMA-Q 0.0000100     67869.46      0.03626     67869.46     37791.65    174456.71
EMA-Q 0.0000050     73051.79      0.04140     73051.79     39148.64    201247.57
EMA-Q 0.0000020     80069.09      0.04861     80069.09     40838.84    241840.68
EMA-Q 0.0000010     85644.08      0.05453     85644.08     42075.99    277925.24
EMA-Q 0.0000005     91902.37      0.06136     91902.37     43364.32    322844.43
EMA-Q 0.0000002    100353.43      0.07083    100353.43     44960.50    391472.70
EMA-Q 0.0000001    103949.27      0.07497    103949.27     45580.67    423610.13



********************************************************************************

1


                                PERCEPTION THRESHOLDS FOR EMA
                                -----------------------------

          -------------------------------------------------------------
           T   Beg. Year End Year              T_lower        T_upper
          -------------------------------------------------------------
           1        1927     1938             18141.        1.00000E+10
           2        1939     2019             0.0000        1.00000E+10



                           THRESHOLD EXCEED. PROBS & CENSORED OBS
                           --------------------------------------

          -------------------------------------------------------------
          Sorted(T)   T_lower      Non-Exc. Prob.    Cens. Obs. below T
          -------------------------------------------------------------
           1           1.000            0.11828                11




                                  EMA REPRESENTATION OF DATA
                                  --------------------------

                                                                                     

--------------------------------------------------------------------------------
  Year      Q_obs.     Q_lower     Q_upper    T_lower         T_upper     Q_type
--------------------------------------------------------------------------------
  1927     18141.0      18141.0          1.0      1.00          1.00        Hist
  1928         0.0          0.0          1.0      1.00          1.00        Cens
                                    . . .
  1938         0.0          0.0          1.0      1.00          1.00        Cens
  1939      6062.0       6062.0          1.0      1.00          1.00        Syst
  1940      4170.0       4170.0          1.0      1.00          1.00        Syst
  1941      6998.0       6998.0          1.0      1.00          1.00        Syst
  1942      5578.0       5578.0          1.0      1.00          1.00        Syst
  1943     15630.0      15630.0          1.0      1.00          1.00        Syst
  1944      2267.0       2267.0          1.0      1.00          1.00        Syst
  1945     17212.0      17212.0          1.0      1.00          1.00        Syst
  1946      6522.0       6522.0          1.0      1.00          1.00        Syst
  1947      7855.0       7855.0          1.0      1.00          1.00        Syst
  1948      2570.0       2570.0          1.0      1.00          1.00        Syst
  1949      9388.0       9388.0          1.0      1.00          1.00        Syst
  1950     18725.0      18725.0          1.0      1.00          1.00        Syst
  1951     12750.0      12750.0          1.0      1.00          1.00        Syst
  1952      5212.0       5212.0          1.0      1.00          1.00        Syst
  1953      4810.0       4810.0          1.0      1.00          1.00        Syst
  1954      1509.0       1509.0          1.0      1.00          1.00        Syst
  1955      3858.0       3858.0          1.0      1.00          1.00        Syst
  1956      6332.0       6332.0          1.0      1.00          1.00        Syst
  1957     10156.0      10156.0          1.0      1.00          1.00        Syst
  1958      4932.0       4932.0          1.0      1.00          1.00        Syst
  1959      3958.0       3958.0          1.0      1.00          1.00        Syst
  1960      8365.0       8365.0          1.0      1.00          1.00        Syst
  1961     18772.0      18772.0          1.0      1.00          1.00        Syst
  1962      3927.0       3927.0          1.0      1.00          1.00        Syst
  1963      1977.0       1977.0          1.0      1.00          1.00        Syst
  1964      3290.0       3290.0          1.0      1.00          1.00        Syst
  1965      4172.0       4172.0          1.0      1.00          1.00        Syst
  1966      9780.0       9780.0          1.0      1.00          1.00        Syst
  1967      2767.0       2767.0          1.0      1.00          1.00        Syst
  1968      9608.0       9608.0          1.0      1.00          1.00        Syst
  1969      9300.0       9300.0          1.0      1.00          1.00        Syst
  1970      4012.0       4012.0          1.0      1.00          1.00        Syst
  1971      5878.0       5878.0          1.0      1.00          1.00        Syst
  1972      5970.0       5970.0          1.0      1.00          1.00        Syst
  1973     10282.0      10282.0          1.0      1.00          1.00        Syst
  1974     13300.0      13300.0          1.0      1.00          1.00        Syst
  1975      9268.0       9268.0          1.0      1.00          1.00        Syst
  1976      7163.0       7163.0          1.0      1.00          1.00        Syst
  1977      7103.0       7103.0          1.0      1.00          1.00        Syst
  1978     11286.0      11286.0          1.0      1.00          1.00        Syst
  1979      5368.0       5368.0          1.0      1.00          1.00        Syst
  1980      1220.0       1220.0          1.0      1.00          1.00        Syst
  1981      3496.0       3496.0          1.0      1.00          1.00        Syst
  1982      6435.0       6435.0          1.0      1.00          1.00        Syst
  1983     12637.0      12637.0          1.0      1.00          1.00        Syst
  1984     11966.0      11966.0          1.0      1.00          1.00        Syst
  1985      3406.0       3406.0          1.0      1.00          1.00        Syst
  1986     19068.0      19068.0          1.0      1.00          1.00        Syst
  1987      3469.0       3469.0          1.0      1.00          1.00        Syst
  1988      6772.0       6772.0          1.0      1.00          1.00        Syst
  1989      3332.0       3332.0          1.0      1.00          1.00        Syst
  1990     14323.0      14323.0          1.0      1.00          1.00        Syst
  1991      4891.0       4891.0          1.0      1.00          1.00        Syst
  1992      4042.0       4042.0          1.0      1.00          1.00        Syst
  1993      3640.0       3640.0          1.0      1.00          1.00        Syst
  1994      5238.0       5238.0          1.0      1.00          1.00        Syst
  1995      4408.0       4408.0          1.0      1.00          1.00        Syst
  1996      8388.0       8388.0          1.0      1.00          1.00        Syst
  1997      7202.0       7202.0          1.0      1.00          1.00        Syst
  1998      8238.0       8238.0          1.0      1.00          1.00        Syst
  1999      5600.0       5600.0          1.0      1.00          1.00        Syst
  2000      4802.0       4802.0          1.0      1.00          1.00        Syst
  2001      4988.0       4988.0          1.0      1.00          1.00        Syst
  2002      9225.0       9225.0          1.0      1.00          1.00        Syst
  2003      4438.0       4438.0          1.0      1.00          1.00        Syst
  2004     15565.0      15565.0          1.0      1.00          1.00        Syst
  2005      5095.0       5095.0          1.0      1.00          1.00        Syst
  2006      3622.0       3622.0          1.0      1.00          1.00        Syst
  2007      6350.0       6350.0          1.0      1.00          1.00        Syst
  2008     11430.0      11430.0          1.0      1.00          1.00        Syst
  2009      6985.0       6985.0          1.0      1.00          1.00        Syst
  2010     10550.0      10550.0          1.0      1.00          1.00        Syst
  2011     25038.0      25038.0          1.0      1.00          1.00        Syst
  2012      9005.0       9005.0          1.0      1.00          1.00        Syst
  2013      2407.0       2407.0          1.0      1.00          1.00        Syst
  2014      4135.0       4135.0          1.0      1.00          1.00        Syst
  2015      5392.0       5392.0          1.0      1.00          1.00        Syst
  2016     15400.0      15400.0          1.0      1.00          1.00        Syst
  2017     16792.0      16792.0          1.0      1.00          1.00        Syst
  2018      8440.0       8440.0          1.0      1.00          1.00        Syst
  2019      7058.0       7058.0          1.0      1.00          1.00        Syst



                           SORTED OBSERVATIONS          
                   (~Hirsch/Stedinger Plotting Positions)
                     Alpha for Plotting Postions: 0.00
                   -------------------------------------


            -----------------------------------------------------
            Year Plot Pos     Obs. Q      Fit Value Q      % Diff
            -----------------------------------------------------
            2011   0.0106    25038.         24792.          -0.99
            1986   0.0212    19068.         21335.          10.63
            1961   0.0319    18772.         19371.           3.09
            1950   0.0425    18725.         18001.          -4.02
            1927   0.0531    18141.         16951.          -7.02
            1945   0.0637    17212.         16101.          -6.90
            2017   0.0744    16792.         15387.          -9.13
            1943   0.0850    15630.         14771.          -5.82
            2004   0.0956    15565.         14230.          -9.38
            2016   0.1062    15400.         13748.         -12.02
            1990   0.1169    14323.         13313.          -7.59
            1974   0.1275    13300.         12916.          -2.97
            1951   0.1381    12750.         12552.          -1.58
            1983   0.1487    12637.         12215.          -3.45
            1984   0.1593    11966.         11902.          -0.54
            2008   0.1700    11430.         11608.           1.54
            1978   0.1806    11286.         11333.           0.41
            2010   0.1912    10550.         11073.           4.72
            1973   0.2018    10282.         10827.           5.03
            1957   0.2125    10156.         10593.           4.13
            1966   0.2231    9780.0         10371.           5.70
            1968   0.2337    9608.0         10158.           5.42
            1949   0.2443    9388.0         9955.0           5.70
            1969   0.2550    9300.0         9759.9           4.71
            1975   0.2656    9268.0         9572.5           3.18
            2002   0.2762    9225.0         9392.1           1.78
            2012   0.2868    9005.0         9218.0           2.31
            2018   0.2974    8440.0         9049.8           6.74
            1996   0.3081    8388.0         8887.2           5.62
            1960   0.3187    8365.0         8729.5           4.18
            1998   0.3293    8238.0         8576.6           3.95
            1947   0.3399    7855.0         8428.0           6.80
            1997   0.3506    7202.0         8283.6          13.06
            1976   0.3612    7163.0         8142.9          12.03
            1977   0.3718    7103.0         8005.8          11.28
            2019   0.3824    7058.0         7872.0          10.34
            1941   0.3931    6998.0         7741.4           9.60
            2009   0.4037    6985.0         7613.7           8.26
            1988   0.4143    6772.0         7488.8           9.57
            1946   0.4249    6522.0         7366.5          11.46
            1982   0.4355    6435.0         7246.6          11.20
            2007   0.4462    6350.0         7129.0          10.93
            1956   0.4568    6332.0         7013.6           9.72
            1939   0.4674    6062.0         6900.2          12.15
            1972   0.4780    5970.0         6788.8          12.06
            1971   0.4887    5878.0         6679.2          12.00
            1999   0.4993    5600.0         6571.2          14.78
            1942   0.5099    5578.0         6464.9          13.72
            2015   0.5205    5392.0         6360.1          15.22
            1979   0.5312    5368.0         6256.7          14.20
            1994   0.5418    5238.0         6154.7          14.89
            1952   0.5524    5212.0         6053.9          13.91
            2005   0.5630    5095.0         5954.2          14.43
            2001   0.5736    4988.0         5855.7          14.82
            1958   0.5843    4932.0         5758.2          14.35
            1991   0.5949    4891.0         5661.6          13.61
            1953   0.6055    4810.0         5565.8          13.58
            2000   0.6161    4802.0         5470.9          12.23
            2003   0.6268    4438.0         5376.7          17.46
            1995   0.6374    4408.0         5283.1          16.56
            1965   0.6480    4172.0         5190.2          19.62
            1940   0.6586    4170.0         5097.7          18.20
            2014   0.6693    4135.0         5005.7          17.39
            1992   0.6799    4042.0         4914.1          17.75
            1970   0.6905    4012.0         4822.7          16.81
            1959   0.7011    3958.0         4731.6          16.35
            1962   0.7118    3927.0         4640.6          15.38
            1955   0.7224    3858.0         4549.7          15.20
            1993   0.7330    3640.0         4458.8          18.36
            2006   0.7436    3622.0         4367.7          17.07
            1981   0.7542    3496.0         4276.4          18.25
            1987   0.7649    3469.0         4184.8          17.11
            1985   0.7755    3406.0         4092.8          16.78
            1989   0.7861    3332.0         4000.2          16.70
            1964   0.7967    3290.0         3906.9          15.79
            1967   0.8074    2767.0         3812.8          27.43
            1948   0.8180    2570.0         3717.6          30.87
            2013   0.8286    2407.0         3621.2          33.53
            1944   0.8392    2267.0         3523.4          35.66
            1963   0.8499    1977.0         3423.8          42.26
            1954   0.8605    1509.0         3322.3          54.58
            1980   0.8711    1220.0         3218.3          62.09
